

Version:	3.14
CmdLine:	C:\Users\Jonathan Laux\Documents\NetBeansProjects\SistemaBarberiaFInal\sistemabarberia\target\SistemaBarberia.exe --l4j-debug
WOW64:		yes
Java min ver:	1.007.000
Java max ver:	
32-bit search:	SOFTWARE\JavaSoft\Java Runtime Environment...
64-bit search:	SOFTWARE\JavaSoft\Java Runtime Environment...
Check:		SOFTWARE\JavaSoft\Java Runtime Environment\1.8
Check launcher:	C:\Program Files\Java\jre1.8.0_291\bin\javaw.exe (OK)
Match:		1.008.000
Check:		SOFTWARE\JavaSoft\Java Runtime Environment\1.8.0_111
Check launcher:	C:\Program Files\Java\jre1.8.0_111\bin\javaw.exe (OK)
Match:		1.008.000_111
Check:		SOFTWARE\JavaSoft\Java Runtime Environment\1.8.0_291
Check launcher:	C:\Program Files\Java\jre1.8.0_291\bin\javaw.exe (OK)
Match:		1.008.000_291
32-bit search:	SOFTWARE\JavaSoft\Java Development Kit...
64-bit search:	SOFTWARE\JavaSoft\Java Development Kit...
Check:		SOFTWARE\JavaSoft\Java Development Kit\1.8
Ignore:		1.008.000
Check:		SOFTWARE\JavaSoft\Java Development Kit\1.8.0_111
Ignore:		1.008.000_111
Check:		SOFTWARE\JavaSoft\Java Development Kit\1.8.0_281
Ignore:		1.008.000_281
32-bit search:	SOFTWARE\JavaSoft\JRE...
64-bit search:	SOFTWARE\JavaSoft\JRE...
32-bit search:	SOFTWARE\JavaSoft\JDK...
64-bit search:	SOFTWARE\JavaSoft\JDK...
Runtime used:	1.008.000_291 (64-bit)
Launcher:	C:\Program Files\Java\jre1.8.0_291\bin\javaw.exe
Launcher args:	-jar "C:\Users\Jonathan Laux\Documents\NetBeansProjects\SistemaBarberiaFInal\sistemabarberia\target\SistemaBarberia.exe"
Args length:	120/32768 chars
Exit code:	0


Version:	3.14
CmdLine:	C:\Users\Jonathan Laux\Documents\NetBeansProjects\SistemaBarberiaFInal\sistemabarberia\target\SistemaBarberia.exe --l4j-debug
WOW64:		yes
Java min ver:	1.007.000
Java max ver:	
64-bit search:	SOFTWARE\JavaSoft\Java Runtime Environment...
Check:		SOFTWARE\JavaSoft\Java Runtime Environment\1.8
Check launcher:	C:\Program Files\Java\jre1.8.0_291\bin\javaw.exe (OK)
Match:		1.008.000
Check:		SOFTWARE\JavaSoft\Java Runtime Environment\1.8.0_111
Check launcher:	C:\Program Files\Java\jre1.8.0_111\bin\javaw.exe (OK)
Match:		1.008.000_111
Check:		SOFTWARE\JavaSoft\Java Runtime Environment\1.8.0_291
Check launcher:	C:\Program Files\Java\jre1.8.0_291\bin\javaw.exe (OK)
Match:		1.008.000_291
64-bit search:	SOFTWARE\JavaSoft\Java Development Kit...
Check:		SOFTWARE\JavaSoft\Java Development Kit\1.8
Ignore:		1.008.000
Check:		SOFTWARE\JavaSoft\Java Development Kit\1.8.0_111
Ignore:		1.008.000_111
Check:		SOFTWARE\JavaSoft\Java Development Kit\1.8.0_281
Ignore:		1.008.000_281
64-bit search:	SOFTWARE\JavaSoft\JRE...
64-bit search:	SOFTWARE\JavaSoft\JDK...
Runtime used:	1.008.000_291 (64-bit)
Launcher:	C:\Program Files\Java\jre1.8.0_291\bin\javaw.exe
Launcher args:	-jar "C:\Users\Jonathan Laux\Documents\NetBeansProjects\SistemaBarberiaFInal\sistemabarberia\target\SistemaBarberia.exe"
Args length:	120/32768 chars
Exit code:	0


Version:	3.14
CmdLine:	C:\Users\Jonathan Laux\Documents\NetBeansProjects\SistemaBarberiaFInal\sistemabarberia\target\SistemaBarberia.exe --l4j-debug
WOW64:		yes
Java min ver:	1.007.000
Java max ver:	
32-bit search:	SOFTWARE\JavaSoft\Java Runtime Environment...
32-bit search:	SOFTWARE\JavaSoft\Java Development Kit...
32-bit search:	SOFTWARE\JavaSoft\JRE...
32-bit search:	SOFTWARE\JavaSoft\JDK...
32-bit search:	SOFTWARE\IBM\Java Runtime Environment...
32-bit search:	SOFTWARE\IBM\Java Development Kit...
32-bit search:	SOFTWARE\IBM\Java2 Runtime Environment...
32-bit search:	SOFTWARE\IBM\Java Development Kit...
Error msg:	This application requires a Java Runtime Environment 1.7.0 (32-bit)
Open URL:	http://java.com/download


Version:	3.14
CmdLine:	C:\Users\Jonathan Laux\Documents\NetBeansProjects\SistemaBarberiaFInal\sistemabarberia\target\SistemaBarberia.exe --l4j-debug
WOW64:		yes
Java min ver:	1.007.000
Java max ver:	
32-bit search:	SOFTWARE\JavaSoft\Java Runtime Environment...
64-bit search:	SOFTWARE\JavaSoft\Java Runtime Environment...
Check:		SOFTWARE\JavaSoft\Java Runtime Environment\1.8
Check launcher:	C:\Program Files\Java\jre1.8.0_291\bin\javaw.exe (OK)
Match:		1.008.000
Check:		SOFTWARE\JavaSoft\Java Runtime Environment\1.8.0_111
Check launcher:	C:\Program Files\Java\jre1.8.0_111\bin\javaw.exe (OK)
Match:		1.008.000_111
Check:		SOFTWARE\JavaSoft\Java Runtime Environment\1.8.0_291
Check launcher:	C:\Program Files\Java\jre1.8.0_291\bin\javaw.exe (OK)
Match:		1.008.000_291
32-bit search:	SOFTWARE\JavaSoft\Java Development Kit...
64-bit search:	SOFTWARE\JavaSoft\Java Development Kit...
Check:		SOFTWARE\JavaSoft\Java Development Kit\1.8
Ignore:		1.008.000
Check:		SOFTWARE\JavaSoft\Java Development Kit\1.8.0_111
Ignore:		1.008.000_111
Check:		SOFTWARE\JavaSoft\Java Development Kit\1.8.0_281
Ignore:		1.008.000_281
32-bit search:	SOFTWARE\JavaSoft\JRE...
64-bit search:	SOFTWARE\JavaSoft\JRE...
32-bit search:	SOFTWARE\JavaSoft\JDK...
64-bit search:	SOFTWARE\JavaSoft\JDK...
Runtime used:	1.008.000_291 (64-bit)
Launcher:	C:\Program Files\Java\jre1.8.0_291\bin\javaw.exe
Launcher args:	-jar "C:\Users\Jonathan Laux\Documents\NetBeansProjects\SistemaBarberiaFInal\sistemabarberia\target\SistemaBarberia.exe"
Args length:	120/32768 chars
Exit code:	0
